<?xml version="1.0" encoding="UTF-8"?>
<!-- Generated by org.testng.reporters.JUnitReportReporter -->
<testsuite hostname="LAPTOP-BA9NM6DM" failures="0" tests="4" name="com.UtilityPackage.New1" time="0.008" errors="0" timestamp="2023-03-13T00:25:20 CDT" skipped="0">
  <testcase classname="com.UtilityPackage.New1" name="Testcase" time="0.001"/>
  <system-out/>
  <testcase classname="com.UtilityPackage.New1" name="Testcase" time="0.001"/>
  <system-out/>
  <testcase classname="com.UtilityPackage.New1" name="Testcase" time="0.005"/>
  <system-out/>
  <testcase classname="com.UtilityPackage.New1" name="Testcase" time="0.001"/>
  <system-out/>
</testsuite> <!-- com.UtilityPackage.New1 -->
