<?xml version="1.0" encoding="UTF-8"?>
<!-- Generated by org.testng.reporters.JUnitReportReporter -->
<testsuite hostname="LAPTOP-BA9NM6DM" failures="0" tests="2" name="com.PageTestPackage.LoginPageTest" time="19.829" errors="0" timestamp="2023-03-13T16:08:52 CDT" skipped="0">
  <testcase classname="com.PageTestPackage.LoginPageTest" name="verifyLoginTitleTest" time="8.400"/>
  <system-out/>
  <testcase classname="com.PageTestPackage.LoginPageTest" name="LoginTest" time="11.429"/>
  <system-out/>
</testsuite> <!-- com.PageTestPackage.LoginPageTest -->
