<?xml version="1.0" encoding="UTF-8"?>
<!-- Generated by org.testng.reporters.JUnitReportReporter -->
<testsuite hostname="LAPTOP-BA9NM6DM" failures="0" tests="4" name="com.UtilityPackage.Util" time="0.007" errors="0" timestamp="2023-03-12T19:41:44 CDT" skipped="0">
  <testcase classname="com.UtilityPackage.Util" name="testcase" time="0.001"/>
  <system-out/>
  <testcase classname="com.UtilityPackage.Util" name="testcase" time="0.001"/>
  <system-out/>
  <testcase classname="com.UtilityPackage.Util" name="testcase" time="0.004"/>
  <system-out/>
  <testcase classname="com.UtilityPackage.Util" name="testcase" time="0.001"/>
  <system-out/>
</testsuite> <!-- com.UtilityPackage.Util -->
